<?xml version="1.0" encoding="UTF-8"?>
<!-- Generated by org.testng.reporters.JUnitReportReporter -->
<testsuite hostname="DESKTOP-U443Q2A" failures="0" tests="1" name="com.inetbanking.testCases.TC_LoginTest_001" time="2.390" errors="0" timestamp="2024-07-14T12:07:07 IST" skipped="0">
  <testcase classname="com.inetbanking.testCases.TC_LoginTest_001" name="loginTest" time="2.390"/>
</testsuite> <!-- com.inetbanking.testCases.TC_LoginTest_001 -->
